[0.123s] [34mcolcon[0m [1;30mDEBUG[0m [32mCommand line arguments: ['/opt/miniconda3/envs/ros2/bin/colcon', 'build'][0m
[0.123s] [34mcolcon[0m [1;30mDEBUG[0m [32mParsed command line arguments: Namespace(log_base=None, log_level=None, verb_name='build', build_base='build', install_base='install', merge_install=False, symlink_install=False, test_result_base=None, continue_on_error=False, executor='parallel', parallel_workers=12, event_handlers=None, ignore_user_meta=False, metas=['./colcon.meta'], base_paths=['.'], packages_ignore=None, packages_ignore_regex=None, paths=None, packages_up_to=None, packages_up_to_regex=None, packages_above=None, packages_above_and_dependencies=None, packages_above_depth=None, packages_select_by_dep=None, packages_skip_by_dep=None, packages_skip_up_to=None, packages_select_build_failed=False, packages_skip_build_finished=False, packages_select_test_failures=False, packages_skip_test_passed=False, packages_select=None, packages_skip=None, packages_select_regex=None, packages_skip_regex=None, packages_start=None, packages_end=None, cmake_args=None, cmake_target=None, cmake_target_skip_unavailable=False, cmake_clean_cache=False, cmake_clean_first=False, cmake_force_configure=False, ament_cmake_args=None, catkin_cmake_args=None, catkin_skip_building_tests=False, verb_parser=<colcon_defaults.argument_parser.defaults.DefaultArgumentsDecorator object at 0x106680cd0>, verb_extension=<colcon_core.verb.build.BuildVerb object at 0x1066805d0>, main=<bound method BuildVerb.main of <colcon_core.verb.build.BuildVerb object at 0x1066805d0>>)[0m
[0.150s] [34mcolcon.colcon_core.package_discovery[0m [1;30mLevel 1[0m discover_packages(colcon_meta) check parameters
[0.150s] [34mcolcon.colcon_core.package_discovery[0m [1;30mLevel 1[0m discover_packages(recursive) check parameters
[0.150s] [34mcolcon.colcon_core.package_discovery[0m [1;30mLevel 1[0m discover_packages(ignore) check parameters
[0.150s] [34mcolcon.colcon_core.package_discovery[0m [1;30mLevel 1[0m discover_packages(path) check parameters
[0.150s] [34mcolcon.colcon_core.package_discovery[0m [1;30mLevel 1[0m discover_packages(colcon_meta) discover
[0.150s] [34mcolcon.colcon_core.package_discovery[0m [1;30mLevel 1[0m discover_packages(recursive) discover
[0.150s] [34mcolcon.colcon_core.package_discovery[0m [1;30mINFO[0m Crawling recursively for packages in '/Users/xiaoyuecindyhuang/ros2_tello_ws'
[0.150s] [34mcolcon.colcon_core.package_identification[0m [1;30mLevel 1[0m _identify(.) by extensions ['ignore', 'ignore_ament_install']
[0.150s] [34mcolcon.colcon_core.package_identification[0m [1;30mLevel 1[0m _identify(.) by extension 'ignore'
[0.150s] [34mcolcon.colcon_core.package_identification[0m [1;30mLevel 1[0m _identify(.) by extension 'ignore_ament_install'
[0.150s] [34mcolcon.colcon_core.package_identification[0m [1;30mLevel 1[0m _identify(.) by extensions ['colcon_pkg']
[0.150s] [34mcolcon.colcon_core.package_identification[0m [1;30mLevel 1[0m _identify(.) by extension 'colcon_pkg'
[0.150s] [34mcolcon.colcon_core.package_identification[0m [1;30mLevel 1[0m _identify(.) by extensions ['colcon_meta']
[0.150s] [34mcolcon.colcon_core.package_identification[0m [1;30mLevel 1[0m _identify(.) by extension 'colcon_meta'
[0.150s] [34mcolcon.colcon_core.package_identification[0m [1;30mLevel 1[0m _identify(.) by extensions ['ros']
[0.150s] [34mcolcon.colcon_core.package_identification[0m [1;30mLevel 1[0m _identify(.) by extension 'ros'
[0.164s] [34mcolcon.colcon_core.package_identification[0m [1;30mLevel 1[0m _identify(.) by extensions ['cmake', 'python']
[0.164s] [34mcolcon.colcon_core.package_identification[0m [1;30mLevel 1[0m _identify(.) by extension 'cmake'
[0.164s] [34mcolcon.colcon_core.package_identification[0m [1;30mLevel 1[0m _identify(.) by extension 'python'
[0.164s] [34mcolcon.colcon_core.package_identification[0m [1;30mLevel 1[0m _identify(.) by extensions ['python_setup_py']
[0.164s] [34mcolcon.colcon_core.package_identification[0m [1;30mLevel 1[0m _identify(.) by extension 'python_setup_py'
[0.164s] [34mcolcon.colcon_core.package_identification[0m [1;30mLevel 1[0m _identify(build) by extensions ['ignore', 'ignore_ament_install']
[0.164s] [34mcolcon.colcon_core.package_identification[0m [1;30mLevel 1[0m _identify(build) by extension 'ignore'
[0.164s] [34mcolcon.colcon_core.package_identification[0m [1;30mLevel 1[0m _identify(build) ignored
[0.165s] [34mcolcon.colcon_core.package_identification[0m [1;30mLevel 1[0m _identify(install) by extensions ['ignore', 'ignore_ament_install']
[0.165s] [34mcolcon.colcon_core.package_identification[0m [1;30mLevel 1[0m _identify(install) by extension 'ignore'
[0.165s] [34mcolcon.colcon_core.package_identification[0m [1;30mLevel 1[0m _identify(install) ignored
[0.165s] [34mcolcon.colcon_core.package_identification[0m [1;30mLevel 1[0m _identify(log) by extensions ['ignore', 'ignore_ament_install']
[0.165s] [34mcolcon.colcon_core.package_identification[0m [1;30mLevel 1[0m _identify(log) by extension 'ignore'
[0.165s] [34mcolcon.colcon_core.package_identification[0m [1;30mLevel 1[0m _identify(log) ignored
[0.165s] [34mcolcon.colcon_core.package_identification[0m [1;30mLevel 1[0m _identify(src) by extensions ['ignore', 'ignore_ament_install']
[0.165s] [34mcolcon.colcon_core.package_identification[0m [1;30mLevel 1[0m _identify(src) by extension 'ignore'
[0.165s] [34mcolcon.colcon_core.package_identification[0m [1;30mLevel 1[0m _identify(src) by extension 'ignore_ament_install'
[0.165s] [34mcolcon.colcon_core.package_identification[0m [1;30mLevel 1[0m _identify(src) by extensions ['colcon_pkg']
[0.165s] [34mcolcon.colcon_core.package_identification[0m [1;30mLevel 1[0m _identify(src) by extension 'colcon_pkg'
[0.165s] [34mcolcon.colcon_core.package_identification[0m [1;30mLevel 1[0m _identify(src) by extensions ['colcon_meta']
[0.165s] [34mcolcon.colcon_core.package_identification[0m [1;30mLevel 1[0m _identify(src) by extension 'colcon_meta'
[0.165s] [34mcolcon.colcon_core.package_identification[0m [1;30mLevel 1[0m _identify(src) by extensions ['ros']
[0.165s] [34mcolcon.colcon_core.package_identification[0m [1;30mLevel 1[0m _identify(src) by extension 'ros'
[0.165s] [34mcolcon.colcon_core.package_identification[0m [1;30mLevel 1[0m _identify(src) by extensions ['cmake', 'python']
[0.165s] [34mcolcon.colcon_core.package_identification[0m [1;30mLevel 1[0m _identify(src) by extension 'cmake'
[0.165s] [34mcolcon.colcon_core.package_identification[0m [1;30mLevel 1[0m _identify(src) by extension 'python'
[0.165s] [34mcolcon.colcon_core.package_identification[0m [1;30mLevel 1[0m _identify(src) by extensions ['python_setup_py']
[0.165s] [34mcolcon.colcon_core.package_identification[0m [1;30mLevel 1[0m _identify(src) by extension 'python_setup_py'
[0.165s] [34mcolcon.colcon_core.package_identification[0m [1;30mLevel 1[0m _identify(src/tello_controller) by extensions ['ignore', 'ignore_ament_install']
[0.165s] [34mcolcon.colcon_core.package_identification[0m [1;30mLevel 1[0m _identify(src/tello_controller) by extension 'ignore'
[0.165s] [34mcolcon.colcon_core.package_identification[0m [1;30mLevel 1[0m _identify(src/tello_controller) by extension 'ignore_ament_install'
[0.165s] [34mcolcon.colcon_core.package_identification[0m [1;30mLevel 1[0m _identify(src/tello_controller) by extensions ['colcon_pkg']
[0.165s] [34mcolcon.colcon_core.package_identification[0m [1;30mLevel 1[0m _identify(src/tello_controller) by extension 'colcon_pkg'
[0.165s] [34mcolcon.colcon_core.package_identification[0m [1;30mLevel 1[0m _identify(src/tello_controller) by extensions ['colcon_meta']
[0.165s] [34mcolcon.colcon_core.package_identification[0m [1;30mLevel 1[0m _identify(src/tello_controller) by extension 'colcon_meta'
[0.165s] [34mcolcon.colcon_core.package_identification[0m [1;30mLevel 1[0m _identify(src/tello_controller) by extensions ['ros']
[0.165s] [34mcolcon.colcon_core.package_identification[0m [1;30mLevel 1[0m _identify(src/tello_controller) by extension 'ros'
[0.167s] [34mcolcon.colcon_core.package_identification[0m [1;30mDEBUG[0m [32mPackage 'src/tello_controller' with type 'ros.ament_python' and name 'tello_controller'[0m
[0.167s] [34mcolcon.colcon_core.package_discovery[0m [1;30mLevel 1[0m discover_packages(recursive) using defaults
[0.167s] [34mcolcon.colcon_core.package_discovery[0m [1;30mLevel 1[0m discover_packages(ignore) discover
[0.167s] [34mcolcon.colcon_core.package_discovery[0m [1;30mLevel 1[0m discover_packages(ignore) using defaults
[0.167s] [34mcolcon.colcon_core.package_discovery[0m [1;30mLevel 1[0m discover_packages(path) discover
[0.167s] [34mcolcon.colcon_core.package_discovery[0m [1;30mLevel 1[0m discover_packages(path) using defaults
[0.177s] [34mcolcon.colcon_core.verb[0m [1;30mLevel 5[0m set package 'tello_controller' build argument 'cmake_args' from command line to 'None'
[0.177s] [34mcolcon.colcon_core.verb[0m [1;30mLevel 5[0m set package 'tello_controller' build argument 'cmake_target' from command line to 'None'
[0.177s] [34mcolcon.colcon_core.verb[0m [1;30mLevel 5[0m set package 'tello_controller' build argument 'cmake_target_skip_unavailable' from command line to 'False'
[0.177s] [34mcolcon.colcon_core.verb[0m [1;30mLevel 5[0m set package 'tello_controller' build argument 'cmake_clean_cache' from command line to 'False'
[0.177s] [34mcolcon.colcon_core.verb[0m [1;30mLevel 5[0m set package 'tello_controller' build argument 'cmake_clean_first' from command line to 'False'
[0.177s] [34mcolcon.colcon_core.verb[0m [1;30mLevel 5[0m set package 'tello_controller' build argument 'cmake_force_configure' from command line to 'False'
[0.177s] [34mcolcon.colcon_core.verb[0m [1;30mLevel 5[0m set package 'tello_controller' build argument 'ament_cmake_args' from command line to 'None'
[0.177s] [34mcolcon.colcon_core.verb[0m [1;30mLevel 5[0m set package 'tello_controller' build argument 'catkin_cmake_args' from command line to 'None'
[0.177s] [34mcolcon.colcon_core.verb[0m [1;30mLevel 5[0m set package 'tello_controller' build argument 'catkin_skip_building_tests' from command line to 'False'
[0.177s] [34mcolcon.colcon_core.verb[0m [1;30mDEBUG[0m [32mBuilding package 'tello_controller' with the following arguments: {'ament_cmake_args': None, 'build_base': '/Users/xiaoyuecindyhuang/ros2_tello_ws/build/tello_controller', 'catkin_cmake_args': None, 'catkin_skip_building_tests': False, 'cmake_args': None, 'cmake_clean_cache': False, 'cmake_clean_first': False, 'cmake_force_configure': False, 'cmake_target': None, 'cmake_target_skip_unavailable': False, 'install_base': '/Users/xiaoyuecindyhuang/ros2_tello_ws/install/tello_controller', 'merge_install': False, 'path': '/Users/xiaoyuecindyhuang/ros2_tello_ws/src/tello_controller', 'symlink_install': False, 'test_result_base': None}[0m
[0.177s] [34mcolcon.colcon_core.executor[0m [1;30mINFO[0m Executing jobs using 'parallel' executor
[0.177s] [34mcolcon.colcon_parallel_executor.executor.parallel[0m [1;30mDEBUG[0m [32mrun_until_complete[0m
[0.177s] [34mcolcon.colcon_ros.task.ament_python.build[0m [1;30mINFO[0m Building ROS package in '/Users/xiaoyuecindyhuang/ros2_tello_ws/src/tello_controller' with build type 'ament_python'
[0.177s] [34mcolcon.colcon_core.shell[0m [1;30mLevel 1[0m create_environment_hook('tello_controller', 'ament_prefix_path')
[0.179s] [34mcolcon.colcon_core.plugin_system[0m [1;30mINFO[0m Skipping extension 'colcon_core.shell.bat': Not used on non-Windows systems
[0.179s] [34mcolcon.colcon_core.shell[0m [1;30mINFO[0m Creating environment hook '/Users/xiaoyuecindyhuang/ros2_tello_ws/install/tello_controller/share/tello_controller/hook/ament_prefix_path.ps1'
[0.179s] [34mcolcon.colcon_core.shell[0m [1;30mINFO[0m Creating environment descriptor '/Users/xiaoyuecindyhuang/ros2_tello_ws/install/tello_controller/share/tello_controller/hook/ament_prefix_path.dsv'
[0.179s] [34mcolcon.colcon_core.shell[0m [1;30mINFO[0m Creating environment hook '/Users/xiaoyuecindyhuang/ros2_tello_ws/install/tello_controller/share/tello_controller/hook/ament_prefix_path.sh'
[0.180s] [34mcolcon.colcon_core.shell[0m [1;30mINFO[0m Skip shell extension 'powershell' for command environment: Not usable outside of PowerShell
[0.180s] [34mcolcon.colcon_core.shell[0m [1;30mDEBUG[0m [32mSkip shell extension 'dsv' for command environment[0m
[0.273s] [34mcolcon.colcon_core.task.python.build[0m [1;30mINFO[0m Building Python package in '/Users/xiaoyuecindyhuang/ros2_tello_ws/src/tello_controller'
[0.273s] [34mcolcon.colcon_core.shell[0m [1;30mINFO[0m Skip shell extension 'powershell' for command environment: Not usable outside of PowerShell
[0.273s] [34mcolcon.colcon_core.shell[0m [1;30mDEBUG[0m [32mSkip shell extension 'dsv' for command environment[0m
[0.439s] [34mcolcon.colcon_core.event_handler.log_command[0m [1;30mDEBUG[0m [32mInvoking command in '/Users/xiaoyuecindyhuang/ros2_tello_ws/src/tello_controller': CONDA_PROMPT_MODIFIER=(ros2) PYTHONPATH=/Users/xiaoyuecindyhuang/ros2_tello_ws/build/tello_controller/prefix_override:/opt/miniconda3/envs/ros2/lib/python3.11/site-packages/colcon_core/task/python/colcon_distutils_commands:/Users/xiaoyuecindyhuang/ros2_tello_ws/install/tello_controller/lib/python3.11/site-packages:${PYTHONPATH} SHLVL=2 _=/usr/bin/env __CF_USER_TEXT_ENCODING=0x1F5:0x0:0x0 /opt/miniconda3/envs/ros2/bin/python3.11 -W ignore:setup.py install is deprecated -W ignore:easy_install command is deprecated setup.py egg_info --egg-base ../../build/tello_controller build --build-base /Users/xiaoyuecindyhuang/ros2_tello_ws/build/tello_controller/build install --record /Users/xiaoyuecindyhuang/ros2_tello_ws/build/tello_controller/install.log --single-version-externally-managed install_data[0m
[0.594s] [34mcolcon.colcon_core.event_handler.log_command[0m [1;30mDEBUG[0m [32mInvoked command in '/Users/xiaoyuecindyhuang/ros2_tello_ws/src/tello_controller' returned '0': CONDA_PROMPT_MODIFIER=(ros2) PYTHONPATH=/Users/xiaoyuecindyhuang/ros2_tello_ws/build/tello_controller/prefix_override:/opt/miniconda3/envs/ros2/lib/python3.11/site-packages/colcon_core/task/python/colcon_distutils_commands:/Users/xiaoyuecindyhuang/ros2_tello_ws/install/tello_controller/lib/python3.11/site-packages:${PYTHONPATH} SHLVL=2 _=/usr/bin/env __CF_USER_TEXT_ENCODING=0x1F5:0x0:0x0 /opt/miniconda3/envs/ros2/bin/python3.11 -W ignore:setup.py install is deprecated -W ignore:easy_install command is deprecated setup.py egg_info --egg-base ../../build/tello_controller build --build-base /Users/xiaoyuecindyhuang/ros2_tello_ws/build/tello_controller/build install --record /Users/xiaoyuecindyhuang/ros2_tello_ws/build/tello_controller/install.log --single-version-externally-managed install_data[0m
[0.597s] [34mcolcon.colcon_core.environment[0m [1;30mLevel 1[0m checking '/Users/xiaoyuecindyhuang/ros2_tello_ws/install/tello_controller' for CMake module files
[0.597s] [34mcolcon.colcon_core.environment[0m [1;30mLevel 1[0m checking '/Users/xiaoyuecindyhuang/ros2_tello_ws/install/tello_controller' for CMake config files
[0.597s] [34mcolcon.colcon_core.environment[0m [1;30mLevel 1[0m checking '/Users/xiaoyuecindyhuang/ros2_tello_ws/install/tello_controller/lib'
[0.598s] [34mcolcon.colcon_core.environment[0m [1;30mLevel 1[0m checking '/Users/xiaoyuecindyhuang/ros2_tello_ws/install/tello_controller/bin'
[0.598s] [34mcolcon.colcon_core.environment[0m [1;30mLevel 1[0m checking '/Users/xiaoyuecindyhuang/ros2_tello_ws/install/tello_controller/lib/pkgconfig/tello_controller.pc'
[0.598s] [34mcolcon.colcon_core.environment[0m [1;30mLevel 1[0m checking '/Users/xiaoyuecindyhuang/ros2_tello_ws/install/tello_controller/lib/python3.11/site-packages'
[0.598s] [34mcolcon.colcon_core.shell[0m [1;30mLevel 1[0m create_environment_hook('tello_controller', 'pythonpath')
[0.598s] [34mcolcon.colcon_core.shell[0m [1;30mINFO[0m Creating environment hook '/Users/xiaoyuecindyhuang/ros2_tello_ws/install/tello_controller/share/tello_controller/hook/pythonpath.ps1'
[0.598s] [34mcolcon.colcon_core.shell[0m [1;30mINFO[0m Creating environment descriptor '/Users/xiaoyuecindyhuang/ros2_tello_ws/install/tello_controller/share/tello_controller/hook/pythonpath.dsv'
[0.598s] [34mcolcon.colcon_core.shell[0m [1;30mINFO[0m Creating environment hook '/Users/xiaoyuecindyhuang/ros2_tello_ws/install/tello_controller/share/tello_controller/hook/pythonpath.sh'
[0.598s] [34mcolcon.colcon_core.environment[0m [1;30mLevel 1[0m checking '/Users/xiaoyuecindyhuang/ros2_tello_ws/install/tello_controller/bin'
[0.598s] [34mcolcon.colcon_core.environment[0m [1;30mLevel 1[0m create_environment_scripts_only(tello_controller)
[0.598s] [34mcolcon.colcon_core.shell[0m [1;30mINFO[0m Creating package script '/Users/xiaoyuecindyhuang/ros2_tello_ws/install/tello_controller/share/tello_controller/package.ps1'
[0.599s] [34mcolcon.colcon_core.shell[0m [1;30mINFO[0m Creating package descriptor '/Users/xiaoyuecindyhuang/ros2_tello_ws/install/tello_controller/share/tello_controller/package.dsv'
[0.599s] [34mcolcon.colcon_core.shell[0m [1;30mINFO[0m Creating package script '/Users/xiaoyuecindyhuang/ros2_tello_ws/install/tello_controller/share/tello_controller/package.sh'
[0.599s] [34mcolcon.colcon_core.shell[0m [1;30mINFO[0m Creating package script '/Users/xiaoyuecindyhuang/ros2_tello_ws/install/tello_controller/share/tello_controller/package.bash'
[0.600s] [34mcolcon.colcon_core.shell[0m [1;30mINFO[0m Creating package script '/Users/xiaoyuecindyhuang/ros2_tello_ws/install/tello_controller/share/tello_controller/package.zsh'
[0.600s] [34mcolcon.colcon_core.environment[0m [1;30mLevel 1[0m create_file_with_runtime_dependencies(/Users/xiaoyuecindyhuang/ros2_tello_ws/install/tello_controller/share/colcon-core/packages/tello_controller)
[0.600s] [34mcolcon.colcon_parallel_executor.executor.parallel[0m [1;30mDEBUG[0m [32mclosing loop[0m
[0.600s] [34mcolcon.colcon_parallel_executor.executor.parallel[0m [1;30mDEBUG[0m [32mloop closed[0m
[0.600s] [34mcolcon.colcon_parallel_executor.executor.parallel[0m [1;30mDEBUG[0m [32mrun_until_complete finished with '0'[0m
[0.600s] [34mcolcon.colcon_core.event_reactor[0m [1;30mDEBUG[0m [32mjoining thread[0m
[0.601s] [34mcolcon.colcon_core.event_reactor[0m [1;30mDEBUG[0m [32mjoined thread[0m
[0.601s] [34mcolcon.colcon_core.shell[0m [1;30mINFO[0m Creating prefix script '/Users/xiaoyuecindyhuang/ros2_tello_ws/install/local_setup.ps1'
[0.601s] [34mcolcon.colcon_core.shell[0m [1;30mINFO[0m Creating prefix util module '/Users/xiaoyuecindyhuang/ros2_tello_ws/install/_local_setup_util_ps1.py'
[0.602s] [34mcolcon.colcon_core.shell[0m [1;30mINFO[0m Creating prefix chain script '/Users/xiaoyuecindyhuang/ros2_tello_ws/install/setup.ps1'
[0.602s] [34mcolcon.colcon_core.shell[0m [1;30mINFO[0m Creating prefix script '/Users/xiaoyuecindyhuang/ros2_tello_ws/install/local_setup.sh'
[0.603s] [34mcolcon.colcon_core.shell[0m [1;30mINFO[0m Creating prefix util module '/Users/xiaoyuecindyhuang/ros2_tello_ws/install/_local_setup_util_sh.py'
[0.603s] [34mcolcon.colcon_core.shell[0m [1;30mINFO[0m Creating prefix chain script '/Users/xiaoyuecindyhuang/ros2_tello_ws/install/setup.sh'
[0.603s] [34mcolcon.colcon_core.shell[0m [1;30mINFO[0m Creating prefix script '/Users/xiaoyuecindyhuang/ros2_tello_ws/install/local_setup.bash'
[0.603s] [34mcolcon.colcon_core.shell[0m [1;30mINFO[0m Creating prefix chain script '/Users/xiaoyuecindyhuang/ros2_tello_ws/install/setup.bash'
[0.604s] [34mcolcon.colcon_core.shell[0m [1;30mINFO[0m Creating prefix script '/Users/xiaoyuecindyhuang/ros2_tello_ws/install/local_setup.zsh'
[0.604s] [34mcolcon.colcon_core.shell[0m [1;30mINFO[0m Creating prefix chain script '/Users/xiaoyuecindyhuang/ros2_tello_ws/install/setup.zsh'
