[0.314s] Invoking command in '/Users/xiaoyuecindyhuang/ros2_tello_ws/src/tello_controller': CONDA_PROMPT_MODIFIER=(ros2) PYTHONPATH=/Users/xiaoyuecindyhuang/ros2_tello_ws/build/tello_controller/prefix_override:/opt/miniconda3/envs/ros2/lib/python3.11/site-packages/colcon_core/task/python/colcon_distutils_commands:/Users/xiaoyuecindyhuang/ros2_tello_ws/install/tello_controller/lib/python3.11/site-packages:${PYTHONPATH} SHLVL=2 _=/usr/bin/env __CF_USER_TEXT_ENCODING=0x1F5:0x0:0x0 /opt/miniconda3/envs/ros2/bin/python3.11 -W ignore:setup.py install is deprecated -W ignore:easy_install command is deprecated setup.py egg_info --egg-base ../../build/tello_controller build --build-base /Users/xiaoyuecindyhuang/ros2_tello_ws/build/tello_controller/build install --record /Users/xiaoyuecindyhuang/ros2_tello_ws/build/tello_controller/install.log --single-version-externally-managed install_data
[0.387s] /opt/miniconda3/envs/ros2/lib/python3.11/site-packages/setuptools/_distutils/dist.py:289: UserWarning: Unknown distribution option: 'tests_require'
[0.387s]   warnings.warn(msg)
[0.423s] running egg_info
[0.429s] writing ../../build/tello_controller/tello_controller.egg-info/PKG-INFO
[0.429s] writing dependency_links to ../../build/tello_controller/tello_controller.egg-info/dependency_links.txt
[0.430s] writing entry points to ../../build/tello_controller/tello_controller.egg-info/entry_points.txt
[0.430s] writing requirements to ../../build/tello_controller/tello_controller.egg-info/requires.txt
[0.430s] writing top-level names to ../../build/tello_controller/tello_controller.egg-info/top_level.txt
[0.441s] reading manifest file '../../build/tello_controller/tello_controller.egg-info/SOURCES.txt'
[0.442s] writing manifest file '../../build/tello_controller/tello_controller.egg-info/SOURCES.txt'
[0.442s] running build
[0.442s] running build_py
[0.442s] copying tello_controller/tello_camera_node.py -> /Users/xiaoyuecindyhuang/ros2_tello_ws/build/tello_controller/build/lib/tello_controller
[0.443s] copying tello_controller/__init__.py -> /Users/xiaoyuecindyhuang/ros2_tello_ws/build/tello_controller/build/lib/tello_controller
[0.443s] copying tello_controller/tello_ar_tag_mission_node.py -> /Users/xiaoyuecindyhuang/ros2_tello_ws/build/tello_controller/build/lib/tello_controller
[0.443s] copying tello_controller/tello_flight_node.py -> /Users/xiaoyuecindyhuang/ros2_tello_ws/build/tello_controller/build/lib/tello_controller
[0.444s] running install
[0.446s] running install_lib
[0.452s] copying /Users/xiaoyuecindyhuang/ros2_tello_ws/build/tello_controller/build/lib/tello_controller/tello_ar_tag_mission_node.py -> /Users/xiaoyuecindyhuang/ros2_tello_ws/install/tello_controller/lib/python3.11/site-packages/tello_controller
[0.453s] byte-compiling /Users/xiaoyuecindyhuang/ros2_tello_ws/install/tello_controller/lib/python3.11/site-packages/tello_controller/tello_ar_tag_mission_node.py to tello_ar_tag_mission_node.cpython-311.pyc
[0.454s] running install_data
[0.455s] copying resource/tello_controller -> /Users/xiaoyuecindyhuang/ros2_tello_ws/install/tello_controller/share/ament_index/resource_index/packages
[0.455s] copying package.xml -> /Users/xiaoyuecindyhuang/ros2_tello_ws/install/tello_controller/share/tello_controller
[0.455s] running install_egg_info
[0.462s] removing '/Users/xiaoyuecindyhuang/ros2_tello_ws/install/tello_controller/lib/python3.11/site-packages/tello_controller-0.0.1-py3.11.egg-info' (and everything under it)
[0.463s] Copying ../../build/tello_controller/tello_controller.egg-info to /Users/xiaoyuecindyhuang/ros2_tello_ws/install/tello_controller/lib/python3.11/site-packages/tello_controller-0.0.1-py3.11.egg-info
[0.464s] running install_scripts
[0.477s] Installing tello_ar_tag_mission_node script to /Users/xiaoyuecindyhuang/ros2_tello_ws/install/tello_controller/lib/tello_controller
[0.477s] Installing tello_camera script to /Users/xiaoyuecindyhuang/ros2_tello_ws/install/tello_controller/lib/tello_controller
[0.478s] Installing tello_flight script to /Users/xiaoyuecindyhuang/ros2_tello_ws/install/tello_controller/lib/tello_controller
[0.478s] writing list of installed files to '/Users/xiaoyuecindyhuang/ros2_tello_ws/build/tello_controller/install.log'
[0.489s] Invoked command in '/Users/xiaoyuecindyhuang/ros2_tello_ws/src/tello_controller' returned '0': CONDA_PROMPT_MODIFIER=(ros2) PYTHONPATH=/Users/xiaoyuecindyhuang/ros2_tello_ws/build/tello_controller/prefix_override:/opt/miniconda3/envs/ros2/lib/python3.11/site-packages/colcon_core/task/python/colcon_distutils_commands:/Users/xiaoyuecindyhuang/ros2_tello_ws/install/tello_controller/lib/python3.11/site-packages:${PYTHONPATH} SHLVL=2 _=/usr/bin/env __CF_USER_TEXT_ENCODING=0x1F5:0x0:0x0 /opt/miniconda3/envs/ros2/bin/python3.11 -W ignore:setup.py install is deprecated -W ignore:easy_install command is deprecated setup.py egg_info --egg-base ../../build/tello_controller build --build-base /Users/xiaoyuecindyhuang/ros2_tello_ws/build/tello_controller/build install --record /Users/xiaoyuecindyhuang/ros2_tello_ws/build/tello_controller/install.log --single-version-externally-managed install_data
