running egg_info
creating ../../build/tello_controller/tello_controller.egg-info
writing ../../build/tello_controller/tello_controller.egg-info/PKG-INFO
writing dependency_links to ../../build/tello_controller/tello_controller.egg-info/dependency_links.txt
writing entry points to ../../build/tello_controller/tello_controller.egg-info/entry_points.txt
writing requirements to ../../build/tello_controller/tello_controller.egg-info/requires.txt
writing top-level names to ../../build/tello_controller/tello_controller.egg-info/top_level.txt
writing manifest file '../../build/tello_controller/tello_controller.egg-info/SOURCES.txt'
reading manifest file '../../build/tello_controller/tello_controller.egg-info/SOURCES.txt'
writing manifest file '../../build/tello_controller/tello_controller.egg-info/SOURCES.txt'
running build
running build_py
creating /Users/xiaoyuecindyhuang/ros2_tello_ws/build/tello_controller/build/lib/tello_controller
copying tello_controller/tello_camera_node.py -> /Users/xiaoyuecindyhuang/ros2_tello_ws/build/tello_controller/build/lib/tello_controller
copying tello_controller/__init__.py -> /Users/xiaoyuecindyhuang/ros2_tello_ws/build/tello_controller/build/lib/tello_controller
copying tello_controller/tello_flight_node.py -> /Users/xiaoyuecindyhuang/ros2_tello_ws/build/tello_controller/build/lib/tello_controller
running install
running install_lib
creating /Users/xiaoyuecindyhuang/ros2_tello_ws/install/tello_controller/lib/python3.11/site-packages/tello_controller
copying /Users/xiaoyuecindyhuang/ros2_tello_ws/build/tello_controller/build/lib/tello_controller/tello_camera_node.py -> /Users/xiaoyuecindyhuang/ros2_tello_ws/install/tello_controller/lib/python3.11/site-packages/tello_controller
copying /Users/xiaoyuecindyhuang/ros2_tello_ws/build/tello_controller/build/lib/tello_controller/__init__.py -> /Users/xiaoyuecindyhuang/ros2_tello_ws/install/tello_controller/lib/python3.11/site-packages/tello_controller
copying /Users/xiaoyuecindyhuang/ros2_tello_ws/build/tello_controller/build/lib/tello_controller/tello_flight_node.py -> /Users/xiaoyuecindyhuang/ros2_tello_ws/install/tello_controller/lib/python3.11/site-packages/tello_controller
byte-compiling /Users/xiaoyuecindyhuang/ros2_tello_ws/install/tello_controller/lib/python3.11/site-packages/tello_controller/tello_camera_node.py to tello_camera_node.cpython-311.pyc
byte-compiling /Users/xiaoyuecindyhuang/ros2_tello_ws/install/tello_controller/lib/python3.11/site-packages/tello_controller/__init__.py to __init__.cpython-311.pyc
byte-compiling /Users/xiaoyuecindyhuang/ros2_tello_ws/install/tello_controller/lib/python3.11/site-packages/tello_controller/tello_flight_node.py to tello_flight_node.cpython-311.pyc
running install_data
creating /Users/xiaoyuecindyhuang/ros2_tello_ws/install/tello_controller/share/ament_index/resource_index/packages
copying resource/tello_controller -> /Users/xiaoyuecindyhuang/ros2_tello_ws/install/tello_controller/share/ament_index/resource_index/packages
copying package.xml -> /Users/xiaoyuecindyhuang/ros2_tello_ws/install/tello_controller/share/tello_controller
creating /Users/xiaoyuecindyhuang/ros2_tello_ws/install/tello_controller/share/tello_controller/launch
running install_egg_info
Copying ../../build/tello_controller/tello_controller.egg-info to /Users/xiaoyuecindyhuang/ros2_tello_ws/install/tello_controller/lib/python3.11/site-packages/tello_controller-0.0.1-py3.11.egg-info
running install_scripts
Installing tello_camera script to /Users/xiaoyuecindyhuang/ros2_tello_ws/install/tello_controller/lib/tello_controller
Installing tello_flight script to /Users/xiaoyuecindyhuang/ros2_tello_ws/install/tello_controller/lib/tello_controller
writing list of installed files to '/Users/xiaoyuecindyhuang/ros2_tello_ws/build/tello_controller/install.log'
